#
# A fatal error has been detected by the Java Runtime Environment:
#
#  SIGSEGV (0xb) at pc=0x00007f316b7b3dd9, pid=31213, tid=139850185373440
#
# JRE version: 6.0_38-b05
# Java VM: Java HotSpot(TM) 64-Bit Server VM (20.13-b02 mixed mode linux-amd64 compressed oops)
# Problematic frame:
# V  [libjvm.so+0x442dd9]  frame::sender_for_interpreter_frame(RegisterMap*) const+0x79
#
# If you would like to submit a bug report, please visit:
#   http://java.sun.com/webapps/bugreport/crash.jsp
#

---------------  T H R E A D  ---------------

Current thread (0x00007f3164093800):  JavaThread "JDWP Transport Listener: dt_socket" daemon [_thread_in_vm, id=31227, stack(0x00007f31688ef000,0x00007f31689f0000)]

siginfo:si_signo=SIGSEGV: si_errno=0, si_code=1 (SEGV_MAPERR), si_addr=0x0000000000000000

Registers:
RAX=0x0000000000000000, RBX=0x0000000000000000, RCX=0x00007f316afc8010, RDX=0x0000000000000000
RSP=0x00007f31689ee100, RBP=0x00007f31689ee150, RSI=0x00007f316b97cb8a, RDI=0x0000000040e97360
R8 =0x00007f3161000000, R9 =0x0000000000000000, R10=0x00007f3161036e20, R11=0x000000000000000b
R12=0x00007f31689ee1e0, R13=0x00007f316b97cb8a, R14=0x00007f31689ee210, R15=0x00000000cbe89310
RIP=0x00007f316b7b3dd9, EFLAGS=0x0000000000010246, CSGSFS=0x0000000000000033, ERR=0x0000000000000004
  TRAPNO=0x000000000000000e

Top of Stack: (sp=0x00007f31689ee100)
0x00007f31689ee100:   0000000000000000 00007f316afc8550
0x00007f31689ee110:   00000000cbe89310 00007f316afc8020
0x00007f31689ee120:   00007f314844bcf8 00007f31689ee1e0
0x00007f31689ee130:   00007f31689ee1e0 00007f31689ee210
0x00007f31689ee140:   0000000000000001 00007f31689ee9e8
0x00007f31689ee150:   00007f31689ee170 00007f316b7b4258
0x00007f31689ee160:   00007f31689ee180 00007f31689ee1e0
0x00007f31689ee170:   00007f31689ee1d0 00007f316b7b1650
0x00007f31689ee180:   00007f31689ee4a0 00007f316bbca660
0x00007f31689ee190:   0000000000000000 00007f316b073a50
0x00007f31689ee1a0:   00007f316b0739e8 0000000000000000
0x00007f31689ee1b0:   0000000000000000 00007f31689ee1e0
0x00007f31689ee1c0:   00007f314844bcf0 00007f31689ee210
0x00007f31689ee1d0:   00007f31689ee4e0 00007f316bbca727
0x00007f31689ee1e0:   00007f316afc7fb0 00007f31610058da
0x00007f31689ee1f0:   00007f3161004dd0 00007f3100000000
0x00007f31689ee200:   00007f316afc8010 00007f316afc7fc8
0x00007f31689ee210:   0000000000000000 0000000000000000
0x00007f31689ee220:   0000000000000000 0000000000000000
0x00007f31689ee230:   0000000000000000 0000000000000000
0x00007f31689ee240:   0000000000000000 0000000000000000
0x00007f31689ee250:   0000000000000000 0000000000000000
0x00007f31689ee260:   00007f316afc7fa0 00007f316afc7fa0
0x00007f31689ee270:   0000000000000000 0000000000000000
0x00007f31689ee280:   0000000000000000 0000000000000000
0x00007f31689ee290:   0000000000000000 0000000000000000
0x00007f31689ee2a0:   0000000000000000 0000000000000000
0x00007f31689ee2b0:   0000000000000000 0000000000000000
0x00007f31689ee2c0:   0000000000000000 0000000000000000
0x00007f31689ee2d0:   0000000000000000 0000000000000000
0x00007f31689ee2e0:   0000000000000000 0000000000000000
0x00007f31689ee2f0:   0000000000000000 0000000000000000 

Instructions: (pc=0x00007f316b7b3dd9)
0x00007f316b7b3db9:   77 13 48 63 78 10 48 8d 34 07 b8 01 00 00 00 49
0x00007f316b7b3dc9:   39 f5 0f 42 d0 84 d2 ba 00 00 00 00 48 0f 44 da
0x00007f316b7b3dd9:   48 8b 03 48 89 df ff 50 08 31 ff 84 c0 48 0f 45
0x00007f316b7b3de9:   fb 48 85 ff 74 18 4c 63 8f a0 00 00 00 4d 8d 04 

Register to memory mapping:

RAX=0x0000000000000000 is an unknown value
RBX=0x0000000000000000 is an unknown value
RCX=0x00007f316afc8010 is pointing into the stack for thread: 0x00007f316400a000
RDX=0x0000000000000000 is an unknown value
RSP=0x00007f31689ee100 is pointing into the stack for thread: 0x00007f3164093800
RBP=0x00007f31689ee150 is pointing into the stack for thread: 0x00007f3164093800
RSI=0x00007f316b97cb8a: <offset 0x60bb8a> in /usr/lib/jvm/jdk1.6.0_38/jre/lib/amd64/server/libjvm.so at 0x00007f316b371000
RDI=0x0000000040e97360 is an unknown value
R8 =0x00007f3161000000 is an unknown value
R9 =0x0000000000000000 is an unknown value
R10=0x00007f3161036e20 is an unknown value
R11=0x000000000000000b is an unknown value
R12=0x00007f31689ee1e0 is pointing into the stack for thread: 0x00007f3164093800
R13=0x00007f316b97cb8a: <offset 0x60bb8a> in /usr/lib/jvm/jdk1.6.0_38/jre/lib/amd64/server/libjvm.so at 0x00007f316b371000
R14=0x00007f31689ee210 is pointing into the stack for thread: 0x00007f3164093800
R15=0x00000000cbe89310 is an oop
{method} 
 - klass: {other class}


Stack: [0x00007f31688ef000,0x00007f31689f0000],  sp=0x00007f31689ee100,  free space=1020k
Native frames: (J=compiled Java code, j=interpreted, Vv=VM code, C=native code)
V  [libjvm.so+0x442dd9]  frame::sender_for_interpreter_frame(RegisterMap*) const+0x79
V  [libjvm.so+0x443258]  frame::sender(RegisterMap*) const+0xd8
V  [libjvm.so+0x440650]  frame::real_sender(RegisterMap*) const+0x20
V  [libjvm.so+0x859727]  vframe::sender() const+0x77
V  [libjvm.so+0x8597ee]  vframe::java_sender() const+0xe
V  [libjvm.so+0x60169a]  JvmtiEnvBase::vframeFor(JavaThread*, int)+0x7a
V  [libjvm.so+0x602294]  JvmtiEnvBase::get_frame_location(JavaThread*, int, _jmethodID**, long*)+0x64
V  [libjvm.so+0x5fb114]  JvmtiEnv::GetFrameLocation(JavaThread*, int, _jmethodID**, long*)+0x64
V  [libjvm.so+0x582147]  unsigned+0x297


---------------  P R O C E S S  ---------------

Java Threads: ( => current thread )
  0x00007f3144001000 JavaThread "SIGTERM handler" daemon [_thread_blocked, id=31304, stack(0x00007f31686ed000,0x00007f31687ee000)]
  0x00007f316409e800 JavaThread "Low Memory Detector" daemon [_thread_blocked, id=31236, stack(0x00007f31683ea000,0x00007f31684eb000)]
  0x00007f316409c000 JavaThread "C2 CompilerThread1" daemon [_thread_blocked, id=31235, stack(0x00007f31684eb000,0x00007f31685ec000)]
  0x00007f3164099000 JavaThread "C2 CompilerThread0" daemon [_thread_blocked, id=31234, stack(0x00007f31685ec000,0x00007f31686ed000)]
  0x00007f3164097000 JavaThread "JDWP Event Helper Thread" daemon [_thread_blocked, id=31228, stack(0x00007f31687ee000,0x00007f31688ef000)]
=>0x00007f3164093800 JavaThread "JDWP Transport Listener: dt_socket" daemon [_thread_in_vm, id=31227, stack(0x00007f31688ef000,0x00007f31689f0000)]
  0x00007f316406c800 JavaThread "Finalizer" daemon [_thread_blocked, id=31224, stack(0x00007f3168bf5000,0x00007f3168cf6000)]
  0x00007f316406a800 JavaThread "Reference Handler" daemon [_thread_blocked, id=31223, stack(0x00007f3168cf6000,0x00007f3168df7000)]
  0x00007f316400a000 JavaThread "main" [_thread_blocked, id=31219, stack(0x00007f316af74000,0x00007f316b075000)]

Other Threads:
  0x00007f3164063800 VMThread [stack: 0x00007f3168df7000,0x00007f3168ef8000] [id=31222]

VM state:synchronizing (normal execution)

VM Mutex/Monitor currently owned by a thread:  ([mutex/lock_event])
[0x00007f3164006980] Threads_lock - owner thread: 0x00007f3164063800

Heap
 PSYoungGen      total 14080K, used 967K [0x00000000f04b0000, 0x00000000f1460000, 0x0000000100000000)
  eden space 12096K, 8% used [0x00000000f04b0000,0x00000000f05a1f30,0x00000000f1080000)
  from space 1984K, 0% used [0x00000000f1270000,0x00000000f1270000,0x00000000f1460000)
  to   space 1984K, 0% used [0x00000000f1080000,0x00000000f1080000,0x00000000f1270000)
 PSOldGen        total 32128K, used 0K [0x00000000d0e00000, 0x00000000d2d60000, 0x00000000f04b0000)
  object space 32128K, 0% used [0x00000000d0e00000,0x00000000d0e00000,0x00000000d2d60000)
 PSPermGen       total 21248K, used 2613K [0x00000000cbc00000, 0x00000000cd0c0000, 0x00000000d0e00000)
  object space 21248K, 12% used [0x00000000cbc00000,0x00000000cbe8d770,0x00000000cd0c0000)

Code Cache  [0x00007f3161000000, 0x00007f3161270000, 0x00007f3164000000)
 total_blobs=161 nmethods=3 adapters=121 free_code_cache=49948160 largest_free_block=12800

Dynamic libraries:
40000000-40009000 r-xp 00000000 08:04 4459134                            /usr/lib/jvm/jdk1.6.0_38/bin/java
40108000-4010a000 rwxp 00008000 08:04 4459134                            /usr/lib/jvm/jdk1.6.0_38/bin/java
40e96000-40eb7000 rwxp 00000000 00:00 0                                  [heap]
cbc00000-cd0c0000 rwxp 00000000 00:00 0 
cd0c0000-d0e00000 rwxp 00000000 00:00 0 
d0e00000-d2d60000 rwxp 00000000 00:00 0 
d2d60000-f04b0000 rwxp 00000000 00:00 0 
f04b0000-f1460000 rwxp 00000000 00:00 0 
f1460000-100000000 rwxp 00000000 00:00 0 
7f312c000000-7f312c021000 rwxp 00000000 00:00 0 
7f312c021000-7f3130000000 ---p 00000000 00:00 0 
7f3130000000-7f3130021000 rwxp 00000000 00:00 0 
7f3130021000-7f3134000000 ---p 00000000 00:00 0 
7f3134000000-7f31340b3000 rwxp 00000000 00:00 0 
7f31340b3000-7f3138000000 ---p 00000000 00:00 0 
7f3138000000-7f3138080000 rwxp 00000000 00:00 0 
7f3138080000-7f313c000000 ---p 00000000 00:00 0 
7f313c000000-7f313c021000 rwxp 00000000 00:00 0 
7f313c021000-7f3140000000 ---p 00000000 00:00 0 
7f3140000000-7f3140021000 rwxp 00000000 00:00 0 
7f3140021000-7f3144000000 ---p 00000000 00:00 0 
7f3144000000-7f3144021000 rwxp 00000000 00:00 0 
7f3144021000-7f3148000000 ---p 00000000 00:00 0 
7f3148000000-7f314869c000 rwxp 00000000 00:00 0 
7f314869c000-7f314c000000 ---p 00000000 00:00 0 
7f314c000000-7f314c021000 rwxp 00000000 00:00 0 
7f314c021000-7f3150000000 ---p 00000000 00:00 0 
7f3150000000-7f3150021000 rwxp 00000000 00:00 0 
7f3150021000-7f3154000000 ---p 00000000 00:00 0 
7f3154000000-7f3154021000 rwxp 00000000 00:00 0 
7f3154021000-7f3158000000 ---p 00000000 00:00 0 
7f3158000000-7f3158021000 rwxp 00000000 00:00 0 
7f3158021000-7f315c000000 ---p 00000000 00:00 0 
7f315c000000-7f315c021000 rwxp 00000000 00:00 0 
7f315c021000-7f3160000000 ---p 00000000 00:00 0 
7f3161000000-7f3161270000 rwxp 00000000 00:00 0 
7f3161270000-7f31640b1000 rwxp 00000000 00:00 0 
7f31640b1000-7f3168000000 ---p 00000000 00:00 0 
7f31682e9000-7f31682ea000 ---p 00000000 00:00 0 
7f31682ea000-7f31683ea000 rwxp 00000000 00:00 0 
7f31683ea000-7f31683ed000 ---p 00000000 00:00 0 
7f31683ed000-7f31684eb000 rwxp 00000000 00:00 0                          [stack:31236]
7f31684eb000-7f31684ee000 ---p 00000000 00:00 0 
7f31684ee000-7f31685ec000 rwxp 00000000 00:00 0                          [stack:31235]
7f31685ec000-7f31685ef000 ---p 00000000 00:00 0 
7f31685ef000-7f31686ed000 rwxp 00000000 00:00 0                          [stack:31234]
7f31686ed000-7f31686f0000 ---p 00000000 00:00 0 
7f31686f0000-7f31687ee000 rwxp 00000000 00:00 0                          [stack:31304]
7f31687ee000-7f31687f1000 ---p 00000000 00:00 0 
7f31687f1000-7f31688ef000 rwxp 00000000 00:00 0                          [stack:31228]
7f31688ef000-7f31688f2000 ---p 00000000 00:00 0 
7f31688f2000-7f31689f0000 rwxp 00000000 00:00 0                          [stack:31227]
7f31689f0000-7f31689f3000 r-xp 00000000 08:04 4459811                    /usr/lib/jvm/jdk1.6.0_38/jre/lib/amd64/libdt_socket.so
7f31689f3000-7f3168af2000 ---p 00003000 08:04 4459811                    /usr/lib/jvm/jdk1.6.0_38/jre/lib/amd64/libdt_socket.so
7f3168af2000-7f3168af4000 rwxp 00002000 08:04 4459811                    /usr/lib/jvm/jdk1.6.0_38/jre/lib/amd64/libdt_socket.so
7f3168af4000-7f3168af7000 ---p 00000000 00:00 0 
7f3168af7000-7f3168bf5000 rwxp 00000000 00:00 0 
7f3168bf5000-7f3168bf8000 ---p 00000000 00:00 0 
7f3168bf8000-7f3168cf6000 rwxp 00000000 00:00 0                          [stack:31224]
7f3168cf6000-7f3168cf9000 ---p 00000000 00:00 0 
7f3168cf9000-7f3168df7000 rwxp 00000000 00:00 0                          [stack:31223]
7f3168df7000-7f3168df8000 ---p 00000000 00:00 0 
7f3168df8000-7f316922f000 rwxp 00000000 00:00 0                          [stack:31222]
7f316922f000-7f31693c7000 r-xs 03083000 08:04 4457419                    /usr/lib/jvm/jdk1.6.0_38/jre/lib/rt.jar
7f31693c7000-7f31693ef000 rwxp 00000000 00:00 0 
7f31693ef000-7f31693f0000 ---p 00000000 00:00 0 
7f31693f0000-7f31694f0000 rwxp 00000000 00:00 0                          [stack:31221]
7f31694f0000-7f31694f1000 ---p 00000000 00:00 0 
7f31694f1000-7f31695fc000 rwxp 00000000 00:00 0                          [stack:31220]
7f31695fc000-7f316961a000 rwxp 00000000 00:00 0 
7f316961a000-7f316962a000 rwxp 00000000 00:00 0 
7f316962a000-7f3169716000 rwxp 00000000 00:00 0 
7f3169716000-7f3169721000 rwxp 00000000 00:00 0 
7f3169721000-7f316973f000 rwxp 00000000 00:00 0 
7f316973f000-7f316974f000 rwxp 00000000 00:00 0 
7f316974f000-7f316983a000 rwxp 00000000 00:00 0 
7f316983a000-7f3169843000 rwxp 00000000 00:00 0 
7f3169843000-7f31698b8000 rwxp 00000000 00:00 0 
7f31698b8000-7f31698b9000 rwxp 00000000 00:00 0 
7f31698b9000-7f31698c7000 r-xp 00000000 08:04 4459786                    /usr/lib/jvm/jdk1.6.0_38/jre/lib/amd64/libzip.so
7f31698c7000-7f31699c9000 ---p 0000e000 08:04 4459786                    /usr/lib/jvm/jdk1.6.0_38/jre/lib/amd64/libzip.so
7f31699c9000-7f31699cc000 rwxp 00010000 08:04 4459786                    /usr/lib/jvm/jdk1.6.0_38/jre/lib/amd64/libzip.so
7f31699cc000-7f31699cd000 rwxp 00000000 00:00 0 
7f31699cd000-7f31699d9000 r-xp 00000000 08:04 5374858                    /lib/x86_64-linux-gnu/libnss_files-2.15.so
7f31699d9000-7f3169bd8000 ---p 0000c000 08:04 5374858                    /lib/x86_64-linux-gnu/libnss_files-2.15.so
7f3169bd8000-7f3169bd9000 r-xp 0000b000 08:04 5374858                    /lib/x86_64-linux-gnu/libnss_files-2.15.so
7f3169bd9000-7f3169bda000 rwxp 0000c000 08:04 5374858                    /lib/x86_64-linux-gnu/libnss_files-2.15.so
7f3169bda000-7f3169be4000 r-xp 00000000 08:04 5379058                    /lib/x86_64-linux-gnu/libnss_nis-2.15.so
7f3169be4000-7f3169de4000 ---p 0000a000 08:04 5379058                    /lib/x86_64-linux-gnu/libnss_nis-2.15.so
7f3169de4000-7f3169de5000 r-xp 0000a000 08:04 5379058                    /lib/x86_64-linux-gnu/libnss_nis-2.15.so
7f3169de5000-7f3169de6000 rwxp 0000b000 08:04 5379058                    /lib/x86_64-linux-gnu/libnss_nis-2.15.so
7f3169de6000-7f3169dee000 r-xp 00000000 08:04 5374853                    /lib/x86_64-linux-gnu/libnss_compat-2.15.so
7f3169dee000-7f3169fed000 ---p 00008000 08:04 5374853                    /lib/x86_64-linux-gnu/libnss_compat-2.15.so
7f3169fed000-7f3169fee000 r-xp 00007000 08:04 5374853                    /lib/x86_64-linux-gnu/libnss_compat-2.15.so
7f3169fee000-7f3169fef000 rwxp 00008000 08:04 5374853                    /lib/x86_64-linux-gnu/libnss_compat-2.15.so
7f3169fef000-7f316a6d2000 r-xp 00000000 08:04 4856338                    /usr/lib/locale/locale-archive
7f316a6d2000-7f316a6d5000 r-xp 00000000 08:04 4459777                    /usr/lib/jvm/jdk1.6.0_38/jre/lib/amd64/libnpt.so
7f316a6d5000-7f316a7d4000 ---p 00003000 08:04 4459777                    /usr/lib/jvm/jdk1.6.0_38/jre/lib/amd64/libnpt.so
7f316a7d4000-7f316a7d5000 rwxp 00002000 08:04 4459777                    /usr/lib/jvm/jdk1.6.0_38/jre/lib/amd64/libnpt.so
7f316a7d5000-7f316a80b000 r-xp 00000000 08:04 4459801                    /usr/lib/jvm/jdk1.6.0_38/jre/lib/amd64/libjdwp.so
7f316a80b000-7f316a90a000 ---p 00036000 08:04 4459801                    /usr/lib/jvm/jdk1.6.0_38/jre/lib/amd64/libjdwp.so
7f316a90a000-7f316a914000 rwxp 00035000 08:04 4459801                    /usr/lib/jvm/jdk1.6.0_38/jre/lib/amd64/libjdwp.so
7f316a914000-7f316a92b000 r-xp 00000000 08:04 5379070                    /lib/x86_64-linux-gnu/libnsl-2.15.so
7f316a92b000-7f316ab2a000 ---p 00017000 08:04 5379070                    /lib/x86_64-linux-gnu/libnsl-2.15.so
7f316ab2a000-7f316ab2b000 r-xp 00016000 08:04 5379070                    /lib/x86_64-linux-gnu/libnsl-2.15.so
7f316ab2b000-7f316ab2c000 rwxp 00017000 08:04 5379070                    /lib/x86_64-linux-gnu/libnsl-2.15.so
7f316ab2c000-7f316ab2e000 rwxp 00000000 00:00 0 
7f316ab2e000-7f316ab57000 r-xp 00000000 08:04 4459797                    /usr/lib/jvm/jdk1.6.0_38/jre/lib/amd64/libjava.so
7f316ab57000-7f316ac56000 ---p 00029000 08:04 4459797                    /usr/lib/jvm/jdk1.6.0_38/jre/lib/amd64/libjava.so
7f316ac56000-7f316ac5d000 rwxp 00028000 08:04 4459797                    /usr/lib/jvm/jdk1.6.0_38/jre/lib/amd64/libjava.so
7f316ac5d000-7f316ac6a000 r-xp 00000000 08:04 4459781                    /usr/lib/jvm/jdk1.6.0_38/jre/lib/amd64/libverify.so
7f316ac6a000-7f316ad69000 ---p 0000d000 08:04 4459781                    /usr/lib/jvm/jdk1.6.0_38/jre/lib/amd64/libverify.so
7f316ad69000-7f316ad6c000 rwxp 0000c000 08:04 4459781                    /usr/lib/jvm/jdk1.6.0_38/jre/lib/amd64/libverify.so
7f316ad6c000-7f316ad73000 r-xp 00000000 08:04 5378870                    /lib/x86_64-linux-gnu/librt-2.15.so
7f316ad73000-7f316af72000 ---p 00007000 08:04 5378870                    /lib/x86_64-linux-gnu/librt-2.15.so
7f316af72000-7f316af73000 r-xp 00006000 08:04 5378870                    /lib/x86_64-linux-gnu/librt-2.15.so
7f316af73000-7f316af74000 rwxp 00007000 08:04 5378870                    /lib/x86_64-linux-gnu/librt-2.15.so
7f316af74000-7f316af75000 ---p 00000000 00:00 0 
7f316af75000-7f316b075000 rwxp 00000000 00:00 0                          [stack:31219]
7f316b075000-7f316b170000 r-xp 00000000 08:04 5379061                    /lib/x86_64-linux-gnu/libm-2.15.so
7f316b170000-7f316b36f000 ---p 000fb000 08:04 5379061                    /lib/x86_64-linux-gnu/libm-2.15.so
7f316b36f000-7f316b370000 r-xp 000fa000 08:04 5379061                    /lib/x86_64-linux-gnu/libm-2.15.so
7f316b370000-7f316b371000 rwxp 000fb000 08:04 5379061                    /lib/x86_64-linux-gnu/libm-2.15.so
7f316b371000-7f316bc8f000 r-xp 00000000 08:04 4459804                    /usr/lib/jvm/jdk1.6.0_38/jre/lib/amd64/server/libjvm.so
7f316bc8f000-7f316bd91000 ---p 0091e000 08:04 4459804                    /usr/lib/jvm/jdk1.6.0_38/jre/lib/amd64/server/libjvm.so
7f316bd91000-7f316bf47000 rwxp 00920000 08:04 4459804                    /usr/lib/jvm/jdk1.6.0_38/jre/lib/amd64/server/libjvm.so
7f316bf47000-7f316bf81000 rwxp 00000000 00:00 0 
7f316bf81000-7f316c136000 r-xp 00000000 08:04 5374849                    /lib/x86_64-linux-gnu/libc-2.15.so
7f316c136000-7f316c336000 ---p 001b5000 08:04 5374849                    /lib/x86_64-linux-gnu/libc-2.15.so
7f316c336000-7f316c33a000 r-xp 001b5000 08:04 5374849                    /lib/x86_64-linux-gnu/libc-2.15.so
7f316c33a000-7f316c33c000 rwxp 001b9000 08:04 5374849                    /lib/x86_64-linux-gnu/libc-2.15.so
7f316c33c000-7f316c341000 rwxp 00000000 00:00 0 
7f316c341000-7f316c343000 r-xp 00000000 08:04 5379065                    /lib/x86_64-linux-gnu/libdl-2.15.so
7f316c343000-7f316c543000 ---p 00002000 08:04 5379065                    /lib/x86_64-linux-gnu/libdl-2.15.so
7f316c543000-7f316c544000 r-xp 00002000 08:04 5379065                    /lib/x86_64-linux-gnu/libdl-2.15.so
7f316c544000-7f316c545000 rwxp 00003000 08:04 5379065                    /lib/x86_64-linux-gnu/libdl-2.15.so
7f316c545000-7f316c55d000 r-xp 00000000 08:04 5379059                    /lib/x86_64-linux-gnu/libpthread-2.15.so
7f316c55d000-7f316c75c000 ---p 00018000 08:04 5379059                    /lib/x86_64-linux-gnu/libpthread-2.15.so
7f316c75c000-7f316c75d000 r-xp 00017000 08:04 5379059                    /lib/x86_64-linux-gnu/libpthread-2.15.so
7f316c75d000-7f316c75e000 rwxp 00018000 08:04 5379059                    /lib/x86_64-linux-gnu/libpthread-2.15.so
7f316c75e000-7f316c762000 rwxp 00000000 00:00 0 
7f316c762000-7f316c784000 r-xp 00000000 08:04 5379062                    /lib/x86_64-linux-gnu/ld-2.15.so
7f316c79c000-7f316c7a6000 rwxp 00000000 00:00 0 
7f316c7a6000-7f316c85c000 rwxp 00000000 00:00 0 
7f316c85c000-7f316c85f000 rwxp 00000000 00:00 0 
7f316c85f000-7f316c866000 r-xp 00000000 08:04 4459770                    /usr/lib/jvm/jdk1.6.0_38/jre/lib/amd64/jli/libjli.so
7f316c866000-7f316c967000 ---p 00007000 08:04 4459770                    /usr/lib/jvm/jdk1.6.0_38/jre/lib/amd64/jli/libjli.so
7f316c967000-7f316c969000 rwxp 00008000 08:04 4459770                    /usr/lib/jvm/jdk1.6.0_38/jre/lib/amd64/jli/libjli.so
7f316c969000-7f316c96a000 rwxp 00000000 00:00 0 
7f316c978000-7f316c980000 rwxs 00000000 08:04 8391102                    /tmp/hsperfdata_satbeer/31213
7f316c980000-7f316c981000 rwxp 00000000 00:00 0 
7f316c981000-7f316c982000 ---p 00000000 00:00 0 
7f316c982000-7f316c984000 rwxp 00000000 00:00 0 
7f316c984000-7f316c985000 r-xp 00022000 08:04 5379062                    /lib/x86_64-linux-gnu/ld-2.15.so
7f316c985000-7f316c987000 rwxp 00023000 08:04 5379062                    /lib/x86_64-linux-gnu/ld-2.15.so
7fff56edf000-7fff56f00000 rwxp 00000000 00:00 0                          [stack]
7fff56f26000-7fff56f28000 r-xp 00000000 00:00 0                          [vdso]
ffffffffff600000-ffffffffff601000 r-xp 00000000 00:00 0                  [vsyscall]

VM Arguments:
jvm_args: -agentlib:jdwp=transport=dt_socket,suspend=y,address=localhost:40746 -Dfile.encoding=UTF-8 
java_command: com.play.sudoku.SudokuSolver
Launcher Type: SUN_STANDARD

Environment Variables:
PATH=/usr/lib/lightdm/lightdm:/usr/local/sbin:/usr/local/bin:/usr/sbin:/usr/bin:/sbin:/bin:/usr/games
LD_LIBRARY_PATH=/usr/lib/jvm/jdk1.6.0_38/jre/lib/amd64/server:/usr/lib/jvm/jdk1.6.0_38/jre/lib/amd64:/usr/lib/jvm/jdk1.6.0_38/jre/../lib/amd64
SHELL=/bin/bash
DISPLAY=:0

Signal Handlers:
SIGSEGV: [libjvm.so+0x8629a0], sa_mask[0]=0x7ffbfeff, sa_flags=0x10000004
SIGBUS: [libjvm.so+0x8629a0], sa_mask[0]=0x7ffbfeff, sa_flags=0x10000004
SIGFPE: [libjvm.so+0x710660], sa_mask[0]=0x7ffbfeff, sa_flags=0x10000004
SIGPIPE: [libjvm.so+0x710660], sa_mask[0]=0x7ffbfeff, sa_flags=0x10000004
SIGXFSZ: [libjvm.so+0x710660], sa_mask[0]=0x7ffbfeff, sa_flags=0x10000004
SIGILL: [libjvm.so+0x710660], sa_mask[0]=0x7ffbfeff, sa_flags=0x10000004
SIGUSR1: SIG_DFL, sa_mask[0]=0x00000000, sa_flags=0x00000000
SIGUSR2: [libjvm.so+0x713490], sa_mask[0]=0x00000004, sa_flags=0x10000004
SIGHUP: [libjvm.so+0x713090], sa_mask[0]=0x7ffbfeff, sa_flags=0x10000004
SIGINT: [libjvm.so+0x713090], sa_mask[0]=0x7ffbfeff, sa_flags=0x10000004
SIGTERM: [libjvm.so+0x713090], sa_mask[0]=0x7ffbfeff, sa_flags=0x10000004
SIGQUIT: [libjvm.so+0x713090], sa_mask[0]=0x7ffbfeff, sa_flags=0x10000004


---------------  S Y S T E M  ---------------

OS:wheezy/sid

uname:Linux 3.8.0-34-generic #49~precise1-Ubuntu SMP Wed Nov 13 18:05:00 UTC 2013 x86_64
libc:glibc 2.15 NPTL 2.15 
rlimit: STACK 8192k, CORE 0k, NPROC 23929, NOFILE 4096, AS infinity
load average:0.97 0.91 0.95

/proc/meminfo:
MemTotal:        3081892 kB
MemFree:          109296 kB
Buffers:           93032 kB
Cached:           989296 kB
SwapCached:         2672 kB
Active:          1734572 kB
Inactive:         960828 kB
Active(anon):    1211752 kB
Inactive(anon):   434952 kB
Active(file):     522820 kB
Inactive(file):   525876 kB
Unevictable:           0 kB
Mlocked:               0 kB
SwapTotal:       3905532 kB
SwapFree:        3894188 kB
Dirty:                24 kB
Writeback:             0 kB
AnonPages:       1610896 kB
Mapped:           276032 kB
Shmem:             33648 kB
Slab:             138124 kB
SReclaimable:     104928 kB
SUnreclaim:        33196 kB
KernelStack:        5184 kB
PageTables:        41296 kB
NFS_Unstable:          0 kB
Bounce:                0 kB
WritebackTmp:          0 kB
CommitLimit:     5446476 kB
Committed_AS:    5225736 kB
VmallocTotal:   34359738367 kB
VmallocUsed:      307500 kB
VmallocChunk:   34359386108 kB
HardwareCorrupted:     0 kB
AnonHugePages:         0 kB
HugePages_Total:       0
HugePages_Free:        0
HugePages_Rsvd:        0
HugePages_Surp:        0
Hugepagesize:       2048 kB
DirectMap4k:      179008 kB
DirectMap2M:     2965504 kB


CPU:total 2 (2 cores per cpu, 1 threads per core) family 6 model 15 stepping 13, cmov, cx8, fxsr, mmx, sse, sse2, sse3, ssse3

/proc/cpuinfo:
processor	: 0
vendor_id	: GenuineIntel
cpu family	: 6
model		: 15
model name	: Intel(R) Core(TM)2 Duo CPU     T5550  @ 1.83GHz
stepping	: 13
microcode	: 0xa1
cpu MHz		: 1833.000
cache size	: 2048 KB
physical id	: 0
siblings	: 2
core id		: 0
cpu cores	: 2
apicid		: 0
initial apicid	: 0
fpu		: yes
fpu_exception	: yes
cpuid level	: 10
wp		: yes
flags		: fpu vme de pse tsc msr pae mce cx8 apic sep mtrr pge mca cmov pat pse36 clflush dts acpi mmx fxsr sse sse2 ss ht tm pbe syscall nx lm constant_tsc arch_perfmon pebs bts rep_good nopl aperfmperf pni dtes64 monitor ds_cpl est tm2 ssse3 cx16 xtpr pdcm lahf_lm dtherm
bogomips	: 3657.36
clflush size	: 64
cache_alignment	: 64
address sizes	: 36 bits physical, 48 bits virtual
power management:

processor	: 1
vendor_id	: GenuineIntel
cpu family	: 6
model		: 15
model name	: Intel(R) Core(TM)2 Duo CPU     T5550  @ 1.83GHz
stepping	: 13
microcode	: 0xa1
cpu MHz		: 1833.000
cache size	: 2048 KB
physical id	: 0
siblings	: 2
core id		: 1
cpu cores	: 2
apicid		: 1
initial apicid	: 1
fpu		: yes
fpu_exception	: yes
cpuid level	: 10
wp		: yes
flags		: fpu vme de pse tsc msr pae mce cx8 apic sep mtrr pge mca cmov pat pse36 clflush dts acpi mmx fxsr sse sse2 ss ht tm pbe syscall nx lm constant_tsc arch_perfmon pebs bts rep_good nopl aperfmperf pni dtes64 monitor ds_cpl est tm2 ssse3 cx16 xtpr pdcm lahf_lm dtherm
bogomips	: 3657.36
clflush size	: 64
cache_alignment	: 64
address sizes	: 36 bits physical, 48 bits virtual
power management:



Memory: 4k page, physical 3081892k(109296k free), swap 3905532k(3894188k free)

vm_info: Java HotSpot(TM) 64-Bit Server VM (20.13-b02) for linux-amd64 JRE (1.6.0_38-b05), built on Nov 14 2012 02:12:33 by "java_re" with gcc 3.2.2 (SuSE Linux)

time: Mon Sep 15 23:32:23 2014
elapsed time: 28 seconds

